[ 2018-06-17T19:36:34+08:00 ] 127.0.0.1 /cron/Index/racing
INFO: [ app_init ] --START--
INFO: Run Behavior\BuildLiteBehavior [ RunTime:0.000000s ]
INFO: [ app_init ] --END-- [ RunTime:0.000000s ]
INFO: [ app_begin ] --START--
INFO: Run Behavior\ReadHtmlCacheBehavior [ RunTime:0.000000s ]
INFO: [ app_begin ] --END-- [ RunTime:0.001000s ]
SQL: SHOW COLUMNS FROM `award` [ RunTime:0.0050s ]
SQL: SELECT * FROM `award` WHERE `lottery_type` = 2 AND `type` = 1 AND `period` = '687989' LIMIT 1   [ RunTime:0.0000s ]
SQL: INSERT INTO `award` (`period`,`award_number`,`type`,`lottery_type`) VALUES ('687989','08 07 09 04 05 03 02 10 01 06','1','2') [ RunTime:0.0020s ]
SQL: SHOW COLUMNS FROM `award_plans` [ RunTime:0.0070s ]
SQL: SELECT * FROM `award_plans` WHERE `lottery_type` = 2 AND `type` = 1 ORDER BY id  desc LIMIT 1   [ RunTime:0.0000s ]
SQL: UPDATE `award_plans` SET `status`='1',`number`='2',`period`='989',`award_number`='08 07 09 04 05 03 02 10 01 06',`add_time`='1529235393',`award_plan`='625-627 冠军 [01 04 06 07 08] 989期 中' WHERE `id` = 9 AND `type` = 1 AND `lottery_type` = 2 [ RunTime:0.0070s ]
SQL: INSERT INTO `award_plans` (`analysis`,`lottery_type`,`type`,`number`,`serial`) VALUES ('01 06 07 08 09','2','1','0','990-992') [ RunTime:0.0020s ]
INFO: [ app_end ] --START--
INFO: Run Behavior\ShowPageTraceBehavior [ RunTime:0.001000s ]
INFO: [ app_end ] --END-- [ RunTime:0.001000s ]

[ 2018-06-17T19:37:03+08:00 ] 127.0.0.1 /cron/Index/get_lottery_data?type=1
INFO: [ app_init ] --START--
INFO: Run Behavior\BuildLiteBehavior [ RunTime:0.000000s ]
INFO: [ app_init ] --END-- [ RunTime:0.000000s ]
INFO: [ app_begin ] --START--
INFO: Run Behavior\ReadHtmlCacheBehavior [ RunTime:0.000000s ]
INFO: [ app_begin ] --END-- [ RunTime:0.000000s ]
SQL: SHOW COLUMNS FROM `award` [ RunTime:0.0030s ]
SQL: SELECT * FROM `award` WHERE `lottery_type` = 1 AND `type` = 1 AND `period` = '180617081' LIMIT 1   [ RunTime:0.0000s ]
SQL: INSERT INTO `award` (`period`,`award_number`,`type`,`lottery_type`) VALUES ('180617081','7 2 0 4 5','1','1') [ RunTime:0.0030s ]
SQL: SHOW COLUMNS FROM `award_plans` [ RunTime:0.0030s ]
SQL: SELECT * FROM `award_plans` WHERE `lottery_type` = 1 AND `type` = 1 ORDER BY id  desc LIMIT 1   [ RunTime:0.0000s ]
SQL: UPDATE `award_plans` SET `status`='1',`number`='2',`period`='081',`award_number`='7 2 0 4 5',`add_time`='1529235422',`award_plan`='075-077 个位计划 [23589] 081期 7 2 0 4 5 中' WHERE `id` = 1 AND `type` = 1 AND `lottery_type` = 1 [ RunTime:0.0020s ]
SQL: INSERT INTO `award_plans` (`analysis`,`lottery_type`,`type`,`number`,`serial`) VALUES ('02468','1','1','0','082-084') [ RunTime:0.0010s ]
INFO: [ app_end ] --START--
INFO: Run Behavior\ShowPageTraceBehavior [ RunTime:0.000000s ]
INFO: [ app_end ] --END-- [ RunTime:0.001000s ]

[ 2018-06-17T19:37:46+08:00 ] 127.0.0.1 /cron/Index/get_lottery_data?type=1
INFO: [ app_init ] --START--
INFO: Run Behavior\BuildLiteBehavior [ RunTime:0.000000s ]
INFO: [ app_init ] --END-- [ RunTime:0.000000s ]
INFO: [ app_begin ] --START--
INFO: Run Behavior\ReadHtmlCacheBehavior [ RunTime:0.001000s ]
INFO: [ app_begin ] --END-- [ RunTime:0.001000s ]
SQL: SHOW COLUMNS FROM `award` [ RunTime:0.0060s ]
SQL: SELECT * FROM `award` WHERE `lottery_type` = 1 AND `type` = 1 AND `period` = '180617081' LIMIT 1   [ RunTime:0.0010s ]
SQL: INSERT INTO `award` (`period`,`award_number`,`type`,`lottery_type`) VALUES ('180617081','7 2 0 4 5','1','1') [ RunTime:0.0130s ]
SQL: SHOW COLUMNS FROM `award_plans` [ RunTime:0.0040s ]
SQL: SELECT * FROM `award_plans` WHERE `lottery_type` = 1 AND `type` = 1 ORDER BY id  desc LIMIT 1   [ RunTime:0.0000s ]
SQL: UPDATE `award_plans` SET `status`='2',`number`='1' WHERE `id` = 11 AND `type` = 1 AND `lottery_type` = 1 [ RunTime:0.0110s ]
INFO: [ app_end ] --START--
INFO: Run Behavior\ShowPageTraceBehavior [ RunTime:0.001000s ]
INFO: [ app_end ] --END-- [ RunTime:0.001000s ]

[ 2018-06-17T19:55:54+08:00 ] 127.0.0.1 /cron/Index/get_lottery_data?type=1
INFO: [ app_init ] --START--
INFO: Run Behavior\BuildLiteBehavior [ RunTime:0.000000s ]
INFO: [ app_init ] --END-- [ RunTime:0.000000s ]
INFO: [ app_begin ] --START--
INFO: Run Behavior\ReadHtmlCacheBehavior [ RunTime:0.000000s ]
INFO: [ app_begin ] --END-- [ RunTime:0.000000s ]
SQL: SHOW COLUMNS FROM `award` [ RunTime:0.0050s ]
SQL: SELECT * FROM `award` WHERE `lottery_type` = 1 AND `type` = 1 AND `period` = '180617083' LIMIT 1   [ RunTime:0.0010s ]
SQL: INSERT INTO `award` (`period`,`award_number`,`type`,`lottery_type`) VALUES ('180617083','9 9 1 7 9','1','1') [ RunTime:0.0050s ]
SQL: SHOW COLUMNS FROM `award_plans` [ RunTime:0.0050s ]
SQL: SELECT * FROM `award_plans` WHERE `lottery_type` = 1 AND `type` = 1 ORDER BY id  desc LIMIT 1   [ RunTime:0.0010s ]
SQL: UPDATE `award_plans` SET `status`='2',`number`='2' WHERE `id` = 11 AND `type` = 1 AND `lottery_type` = 1 [ RunTime:0.0010s ]
INFO: [ app_end ] --START--
INFO: Run Behavior\ShowPageTraceBehavior [ RunTime:0.001000s ]
INFO: [ app_end ] --END-- [ RunTime:0.001000s ]

